<?xml version="1.0" encoding="UTF-8"?>
<!-- Generated by org.testng.reporters.JUnitReportReporter -->
<testsuite hostname="LAPTOP-F9QK994A" failures="0" tests="5" name="com.lbrce.cse.UserValidationTest" time="0.013" errors="0" timestamp="2023-11-03T20:30:43 IST" skipped="0">
  <testcase classname="com.lbrce.cse.UserValidationTest" name="testCase1" time="0.011"/>
  <testcase classname="com.lbrce.cse.UserValidationTest" name="testCase4" time="0.000"/>
  <testcase classname="com.lbrce.cse.UserValidationTest" name="testCase2" time="0.001"/>
  <testcase classname="com.lbrce.cse.UserValidationTest" name="testCase5" time="0.000"/>
  <testcase classname="com.lbrce.cse.UserValidationTest" name="testCase3" time="0.001"/>
</testsuite> <!-- com.lbrce.cse.UserValidationTest -->
